<?xml version="1.0" encoding="UTF-8"?>
<!-- Generated by org.testng.reporters.JUnitReportReporter -->
<testsuite hostname="DESKTOP-6H1AKP0" name="com.calculator.TestNG_TestAnnotation" tests="2" failures="0" timestamp="2 Jul 2020 17:15:01 GMT" time="0.031" errors="0">
  <testcase name="testMethod_Operator2" time="0.015" classname="com.calculator.TestNG_TestAnnotation"/>
  <testcase name="testMethod_Operator2" time="0.016" classname="com.calculator.TestNG_TestAnnotation"/>
</testsuite> <!-- com.calculator.TestNG_TestAnnotation -->
