<?xml version="1.0" encoding="UTF-8"?>
<!-- Generated by org.testng.reporters.JUnitReportReporter -->
<testsuite hostname="DESKTOP-6H1AKP0" name="com.calculator.groups.TestNG_groups" tests="9" failures="0" timestamp="2 Jul 2020 18:59:57 GMT" time="0.030" errors="0">
  <testcase name="inverse" time="0.000" classname="com.calculator.groups.TestNG_groups"/>
  <testcase name="divInt" time="0.000" classname="com.calculator.groups.TestNG_groups"/>
  <testcase name="mod" time="0.000" classname="com.calculator.groups.TestNG_groups"/>
  <testcase name="divReal" time="0.000" classname="com.calculator.groups.TestNG_groups"/>
  <testcase name="sub" time="0.000" classname="com.calculator.groups.TestNG_groups"/>
  <testcase name="add" time="0.015" classname="com.calculator.groups.TestNG_groups"/>
  <testcase name="negate" time="0.015" classname="com.calculator.groups.TestNG_groups"/>
  <testcase name="mul" time="0.000" classname="com.calculator.groups.TestNG_groups"/>
  <testcase name="exp" time="0.000" classname="com.calculator.groups.TestNG_groups"/>
</testsuite> <!-- com.calculator.groups.TestNG_groups -->
