<?xml version="1.0" encoding="UTF-8"?>
<!-- Generated by org.testng.reporters.JUnitReportReporter -->
<testsuite hostname="DESKTOP-6H1AKP0" name="com.calculator.report.TestNG_ReportsAndLogs" tests="3" failures="0" timestamp="2 Jul 2020 19:04:56 GMT" time="0.016" errors="0">
  <testcase name="testMethod2" time="0.016" classname="com.calculator.report.TestNG_ReportsAndLogs"/>
  <testcase name="testMethod3" time="0.000" classname="com.calculator.report.TestNG_ReportsAndLogs"/>
  <testcase name="testMethod1" time="0.000" classname="com.calculator.report.TestNG_ReportsAndLogs"/>
</testsuite> <!-- com.calculator.report.TestNG_ReportsAndLogs -->
