<?xml version="1.0" encoding="UTF-8"?>
<!-- Generated by org.testng.reporters.JUnitReportReporter -->
<testsuite hostname="DESKTOP-6H1AKP0" name="com.calculator.TestNG_ParameterClass" tests="1" failures="0" timestamp="2 Jul 2020 18:08:06 GMT" time="0.031" errors="0">
  <testcase name="testMethod_Operator1" time="0.031" classname="com.calculator.TestNG_ParameterClass"/>
</testsuite> <!-- com.calculator.TestNG_ParameterClass -->
